Using pre-set license
Built from '2020.3/staging' branch; Version is '2020.3.11f1 (99c7afb366b3) revision 10078127'; Using compiler version '192528614'; Build Type 'Release'
OS: 'Windows 10 Pro; OS build 19043.1288; Version 2009; 64bit' Language: 'en' Physical Memory: 16289 MB
BatchMode: 1, IsHumanControllingUs: 0, StartBugReporterOnCrash: 0, Is64bit: 1, IsPro: 0

 COMMAND LINE ARGUMENTS:
C:\Program Files\Unity\Hub\Editor\2020.3.11f1\Editor\Unity.exe
-adb2
-batchMode
-noUpm
-name
AssetImportWorker0
-projectPath
C:/Users/plymo/Documents/GitHub/Dodgr/dodge2/Project
-logFile
Logs/AssetImportWorker0.log
-srvPort
64765
Successfully changed project path to: C:/Users/plymo/Documents/GitHub/Dodgr/dodge2/Project
C:/Users/plymo/Documents/GitHub/Dodgr/dodge2/Project
Using Asset Import Pipeline V2.
Refreshing native plugins compatible for Editor in 50.84 ms, found 3 plugins.
Preloading 0 native plugins for Editor in 0.00 ms.
Initialize engine version: 2020.3.11f1 (99c7afb366b3)
[Subsystems] Discovering subsystems at path C:/Program Files/Unity/Hub/Editor/2020.3.11f1/Editor/Data/Resources/UnitySubsystems
[Subsystems] Discovering subsystems at path C:/Users/plymo/Documents/GitHub/Dodgr/dodge2/Project/Assets
GfxDevice: creating device client; threaded=0
Direct3D:
    Version:  Direct3D 11.0 [level 11.1]
    Renderer: Intel(R) HD Graphics 4600 (ID=0x412)
    Vendor:   
    VRAM:     2048 MB
    Driver:   20.19.15.5144
Initialize mono
Mono path[0] = 'C:/Program Files/Unity/Hub/Editor/2020.3.11f1/Editor/Data/Managed'
Mono path[1] = 'C:/Program Files/Unity/Hub/Editor/2020.3.11f1/Editor/Data/MonoBleedingEdge/lib/mono/unityjit'
Mono config path = 'C:/Program Files/Unity/Hub/Editor/2020.3.11f1/Editor/Data/MonoBleedingEdge/etc'
Using monoOptions --debugger-agent=transport=dt_socket,embedding=1,server=y,suspend=n,address=127.0.0.1:56648
Begin MonoManager ReloadAssembly
Registering precompiled unity dll's ...
Register platform support module: C:/Program Files/Unity/Hub/Editor/2020.3.11f1/Editor/Data/PlaybackEngines/WebGLSupport/UnityEditor.WebGL.Extensions.dll
Register platform support module: C:/Program Files/Unity/Hub/Editor/2020.3.11f1/Editor/Data/PlaybackEngines/WindowsStandaloneSupport/UnityEditor.WindowsStandalone.Extensions.dll
Registered in 0.002533 seconds.
Native extension for WindowsStandalone target not found
Native extension for WebGL target not found
Refreshing native plugins compatible for Editor in 42.30 ms, found 3 plugins.
Preloading 0 native plugins for Editor in 0.00 ms.
Mono: successfully reloaded assembly
- Completed reload, in  1.227 seconds
Platform modules already initialized, skipping
Registering precompiled user dll's ...
Registered in 0.004058 seconds.
Begin MonoManager ReloadAssembly
Native extension for WindowsStandalone target not found
Native extension for WebGL target not found
Refreshing native plugins compatible for Editor in 41.02 ms, found 3 plugins.
Preloading 0 native plugins for Editor in 0.00 ms.
Mono: successfully reloaded assembly
- Completed reload, in  1.087 seconds
Platform modules already initialized, skipping
========================================================================
Worker process is ready to serve import requests
Launched and connected shader compiler UnityShaderCompiler.exe after 0.04 seconds
Refreshing native plugins compatible for Editor in 0.84 ms, found 3 plugins.
Preloading 0 native plugins for Editor in 0.00 ms.
Unloading 2089 Unused Serialized files (Serialized files now loaded: 0)
System memory in use before: 93.2 MB.
System memory in use after: 93.1 MB.

Unloading 33 unused Assets to reduce memory usage. Loaded Objects now: 2525.
Total: 2.517200 ms (FindLiveObjects: 0.319700 ms CreateObjectMapping: 0.088800 ms MarkObjects: 1.942200 ms  DeleteObjects: 0.165300 ms)

========================================================================
Received Import Request.
  path: Assets/Spin Gun.prefab
  artifactKey: Guid(113036b1e71a6604fbc99998395be522) Importer(815301076,1909f56bfc062723c751e8b465ee728b)
Start importing Assets/Spin Gun.prefab using Guid(113036b1e71a6604fbc99998395be522) Importer(815301076,1909f56bfc062723c751e8b465ee728b)  -> (artifact id: '97ae530c5c164fc0febc92735b445077') in 0.101007 seconds
  Import took 0.104839 seconds .

========================================================================
Received Import Request.
  Time since last request: 0.000262 seconds.
  path: Assets/Radiator.prefab
  artifactKey: Guid(b34916d6d26ee5449a0ad7915d9425b7) Importer(815301076,1909f56bfc062723c751e8b465ee728b)
Start importing Assets/Radiator.prefab using Guid(b34916d6d26ee5449a0ad7915d9425b7) Importer(815301076,1909f56bfc062723c751e8b465ee728b)  -> (artifact id: 'd59e059de4e7d2d06282df1c225d39e8') in 0.017353 seconds
  Import took 0.021907 seconds .

========================================================================
Received Import Request.
  Time since last request: 0.000314 seconds.
  path: Assets/Lazer.prefab
  artifactKey: Guid(7983debcbe4e04e4d8528fcca4236dae) Importer(815301076,1909f56bfc062723c751e8b465ee728b)
Start importing Assets/Lazer.prefab using Guid(7983debcbe4e04e4d8528fcca4236dae) Importer(815301076,1909f56bfc062723c751e8b465ee728b)  -> (artifact id: '60793a44cfd910d5608f4c23c4e3b0d3') in 0.028334 seconds
  Import took 0.034902 seconds .

========================================================================
Received Import Request.
  Time since last request: 0.000285 seconds.
  path: Assets/NewAudioMixer.mixer
  artifactKey: Guid(be64f72bc36fe3845b360e3e15b5d89c) Importer(815301076,1909f56bfc062723c751e8b465ee728b)
Start importing Assets/NewAudioMixer.mixer using Guid(be64f72bc36fe3845b360e3e15b5d89c) Importer(815301076,1909f56bfc062723c751e8b465ee728b)  -> (artifact id: '38f9811c1df6898e956f7d92ca0ac8a3') in 0.009709 seconds
  Import took 0.014967 seconds .

========================================================================
Received Import Request.
  Time since last request: 0.000320 seconds.
  path: Assets/Lazer.prefab
  artifactKey: Guid(7983debcbe4e04e4d8528fcca4236dae) Importer(815301076,1909f56bfc062723c751e8b465ee728b)
Start importing Assets/Lazer.prefab using Guid(7983debcbe4e04e4d8528fcca4236dae) Importer(815301076,1909f56bfc062723c751e8b465ee728b)  -> (artifact id: '60793a44cfd910d5608f4c23c4e3b0d3') in 0.016476 seconds
  Import took 0.021934 seconds .

========================================================================
Received Import Request.
  Time since last request: 10.822759 seconds.
  path: Assets/spawn obstical.cs
  artifactKey: Guid(317346700e1c2c545bdecd7986c43558) Importer(815301076,1909f56bfc062723c751e8b465ee728b)
Start importing Assets/spawn obstical.cs using Guid(317346700e1c2c545bdecd7986c43558) Importer(815301076,1909f56bfc062723c751e8b465ee728b)  -> (artifact id: '48e17e44d651ced7d14be7d425788b02') in 0.015079 seconds
  Import took 0.019036 seconds .

========================================================================
Received Import Request.
  Time since last request: 1050.457713 seconds.
  path: Assets/spawn obstical.cs
  artifactKey: Guid(317346700e1c2c545bdecd7986c43558) Importer(815301076,1909f56bfc062723c751e8b465ee728b)
Start importing Assets/spawn obstical.cs using Guid(317346700e1c2c545bdecd7986c43558) Importer(815301076,1909f56bfc062723c751e8b465ee728b)  -> (artifact id: '60dc177fbf149881768fa4f39dc1c0c1') in 0.003151 seconds
  Import took 0.007926 seconds .

========================================================================
Received Prepare
Registering precompiled user dll's ...
Registered in 0.004450 seconds.
Begin MonoManager ReloadAssembly
Native extension for WindowsStandalone target not found
Native extension for WebGL target not found
Refreshing native plugins compatible for Editor in 0.56 ms, found 3 plugins.
Preloading 0 native plugins for Editor in 0.00 ms.
Mono: successfully reloaded assembly
- Completed reload, in  1.027 seconds
Platform modules already initialized, skipping
Refreshing native plugins compatible for Editor in 0.85 ms, found 3 plugins.
Preloading 0 native plugins for Editor in 0.00 ms.
Unloading 2084 Unused Serialized files (Serialized files now loaded: 0)
System memory in use before: 96.1 MB.
System memory in use after: 96.1 MB.

Unloading 21 unused Assets to reduce memory usage. Loaded Objects now: 2536.
Total: 2.497100 ms (FindLiveObjects: 0.259400 ms CreateObjectMapping: 0.075500 ms MarkObjects: 2.033400 ms  DeleteObjects: 0.127900 ms)

========================================================================
Received Import Request.
  Time since last request: 192.891741 seconds.
  path: Assets/spawn obstical.cs
  artifactKey: Guid(317346700e1c2c545bdecd7986c43558) Importer(815301076,1909f56bfc062723c751e8b465ee728b)
Start importing Assets/spawn obstical.cs using Guid(317346700e1c2c545bdecd7986c43558) Importer(815301076,1909f56bfc062723c751e8b465ee728b)  -> (artifact id: 'c6207735b5942c20bf4fdcf1f4e232b0') in 0.005968 seconds
  Import took 0.010094 seconds .

========================================================================
Received Import Request.
  Time since last request: 46.866126 seconds.
  path: Assets/Spawn.cs
  artifactKey: Guid(317346700e1c2c545bdecd7986c43558) Importer(815301076,1909f56bfc062723c751e8b465ee728b)
Start importing Assets/Spawn.cs using Guid(317346700e1c2c545bdecd7986c43558) Importer(815301076,1909f56bfc062723c751e8b465ee728b)  -> (artifact id: '5409685f6a155879a67e645634d0441f') in 0.008005 seconds
  Import took 0.012951 seconds .

========================================================================
Received Prepare
Registering precompiled user dll's ...
Registered in 0.004262 seconds.
Begin MonoManager ReloadAssembly
Native extension for WindowsStandalone target not found
Native extension for WebGL target not found
Refreshing native plugins compatible for Editor in 0.76 ms, found 3 plugins.
Preloading 0 native plugins for Editor in 0.00 ms.
Mono: successfully reloaded assembly
- Completed reload, in  1.076 seconds
Platform modules already initialized, skipping
Refreshing native plugins compatible for Editor in 0.60 ms, found 3 plugins.
Preloading 0 native plugins for Editor in 0.00 ms.
Unloading 2084 Unused Serialized files (Serialized files now loaded: 0)
System memory in use before: 96.2 MB.
System memory in use after: 96.1 MB.

Unloading 21 unused Assets to reduce memory usage. Loaded Objects now: 2540.
Total: 3.007400 ms (FindLiveObjects: 0.251800 ms CreateObjectMapping: 0.077500 ms MarkObjects: 2.554500 ms  DeleteObjects: 0.122400 ms)

========================================================================
Received Prepare
Registering precompiled user dll's ...
Registered in 0.005702 seconds.
Begin MonoManager ReloadAssembly
Native extension for WindowsStandalone target not found
Native extension for WebGL target not found
Refreshing native plugins compatible for Editor in 0.52 ms, found 3 plugins.
Preloading 0 native plugins for Editor in 0.00 ms.
Mono: successfully reloaded assembly
- Completed reload, in  1.146 seconds
Platform modules already initialized, skipping
Refreshing native plugins compatible for Editor in 0.87 ms, found 3 plugins.
Preloading 0 native plugins for Editor in 0.00 ms.
Unloading 2084 Unused Serialized files (Serialized files now loaded: 0)
System memory in use before: 96.2 MB.
System memory in use after: 96.2 MB.

Unloading 21 unused Assets to reduce memory usage. Loaded Objects now: 2544.
Total: 2.824700 ms (FindLiveObjects: 0.264300 ms CreateObjectMapping: 0.163200 ms MarkObjects: 2.268800 ms  DeleteObjects: 0.127200 ms)

AssetImportWorkerClient::OnTransportError - code=2 error=End of file
